{
  "RSpec": {
    "coverage": {
      "/home/distributed-transpiler-0869/tic-tac-toe-rb-online-web-sp-000/lib/tic_tac_toe.rb": [
        null,
        null,
        1,
        null,
        null,
        null,
        null,
        null,
        null,
        null,
        null,
        null,
        1,
        15,
        15,
        15,
        15,
        15,
        null,
        null,
        null,
        1,
        1,
        null,
        1,
        16,
        null,
        null,
        1,
        15,
        null,
        null,
        1,
        18,
        15,
        3,
        3,
        0,
        0,
        null,
        null,
        null,
        1,
        16,
        13,
        null,
        3,
        null,
        null,
        null,
        1,
        14,
        14,
        126,
        10,
        null,
        null,
        14,
        null,
        null,
        1,
        13,
        13,
        10,
        null,
        3,
        null,
        null,
        null,
        1,
        13,
        13,
        13,
        13,
        12,
        12,
        null,
        1,
        null,
        null,
        null,
        1,
        44,
        260,
        260,
        260,
        null,
        260,
        260,
        260,
        null,
        260,
        13,
        247,
        6,
        null,
        null,
        25,
        null,
        null,
        null,
        1,
        117,
        null,
        null,
        1,
        13,
        4,
        null,
        9,
        null,
        null,
        null,
        1,
        13,
        9,
        null,
        4,
        null,
        null,
        null,
        1,
        10,
        10,
        10,
        null,
        null,
        9,
        5,
        null,
        4,
        null,
        null,
        null,
        null,
        1,
        11,
        10,
        null,
        11,
        4,
        4,
        7,
        3,
        null,
        null
      ]
    },
    "timestamp": 1613604044
  }
}
